<?xml version="1.0" encoding="UTF-8"?>
<!-- Generated by org.testng.reporters.JUnitReportReporter -->
<testsuite hostname="DESKTOP-GIJQBVN" failures="0" tests="1" name="com.qa.tests.DeleteBracketTests" time="37.847" errors="0" timestamp="2021-10-12T15:38:57 IST" skipped="0">
  <testcase classname="com.qa.tests.DeleteBracketTests" name="validData" time="37.847"/>
  <system-out/>
</testsuite> <!-- com.qa.tests.DeleteBracketTests -->
