<?xml version="1.0" encoding="UTF-8"?>
<!-- Generated by org.testng.reporters.JUnitReportReporter -->
<testsuite hostname="DESKTOP-GIJQBVN" failures="0" tests="7" name="com.qa.tests.LoginTests" time="64.419" errors="0" timestamp="2021-09-27T19:27:42 IST" skipped="0">
  <testcase classname="com.qa.tests.LoginTests" name="blankData" time="8.403"/>
  <system-out/>
  <testcase classname="com.qa.tests.LoginTests" name="invalidUserName" time="8.394"/>
  <system-out/>
  <testcase classname="com.qa.tests.LoginTests" name="blankEmailButValidPassword" time="9.938"/>
  <system-out/>
  <testcase classname="com.qa.tests.LoginTests" name="blankPasswordButValidEmail" time="8.480"/>
  <system-out/>
  <testcase classname="com.qa.tests.LoginTests" name="MismatchCredentials" time="12.152"/>
  <system-out/>
  <testcase classname="com.qa.tests.LoginTests" name="successfulLogin" time="7.943"/>
  <system-out/>
  <testcase classname="com.qa.tests.LoginTests" name="invalidPassword" time="9.109"/>
  <system-out/>
</testsuite> <!-- com.qa.tests.LoginTests -->
