<?xml version="1.0" encoding="UTF-8"?>
<!-- Generated by org.testng.reporters.JUnitReportReporter -->
<testsuite hostname="DESKTOP-GIJQBVN" failures="0" tests="7" name="com.qa.tests.ChangePassword" time="197.088" errors="0" timestamp="2021-10-05T20:25:12 IST" skipped="0">
  <testcase classname="com.qa.tests.ChangePassword" name="invalidOldPassword" time="26.562"/>
  <system-out/>
  <testcase classname="com.qa.tests.ChangePassword" name="validOldPassword" time="28.162"/>
  <system-out/>
  <testcase classname="com.qa.tests.ChangePassword" name="invalidNewPassword" time="26.155"/>
  <system-out/>
  <testcase classname="com.qa.tests.ChangePassword" name="blankConfirmPassword" time="26.784"/>
  <system-out/>
  <testcase classname="com.qa.tests.ChangePassword" name="blankNewPassword" time="26.736"/>
  <system-out/>
  <testcase classname="com.qa.tests.ChangePassword" name="mismatchPassword" time="36.423"/>
  <system-out/>
  <testcase classname="com.qa.tests.ChangePassword" name="blankData" time="26.266"/>
  <system-out/>
</testsuite> <!-- com.qa.tests.ChangePassword -->
