<?xml version="1.0" encoding="UTF-8"?>
<!-- Generated by org.testng.reporters.JUnitReportReporter -->
<testsuite hostname="DESKTOP-GIJQBVN" failures="0" tests="5" name="com.qa.tests.ChangePhoneTests" time="163.306" errors="0" timestamp="2021-10-13T13:55:23 IST" skipped="0">
  <testcase classname="com.qa.tests.ChangePhoneTests" name="invalidOtp" time="41.881"/>
  <system-out/>
  <testcase classname="com.qa.tests.ChangePhoneTests" name="invalidPhoneNo" time="25.919"/>
  <system-out/>
  <testcase classname="com.qa.tests.ChangePhoneTests" name="existingPhoneNo" time="27.759"/>
  <system-out/>
  <testcase classname="com.qa.tests.ChangePhoneTests" name="invalidPhoneDigitCount" time="27.508"/>
  <system-out/>
  <testcase classname="com.qa.tests.ChangePhoneTests" name="validData" time="40.239"/>
  <system-out/>
</testsuite> <!-- com.qa.tests.ChangePhoneTests -->
