<?xml version="1.0" encoding="UTF-8"?>
<!-- Generated by org.testng.reporters.JUnitReportReporter -->
<testsuite hostname="DESKTOP-GIJQBVN" failures="0" tests="1" name="com.qa.tests.EditBracketTests" time="22.179" errors="0" timestamp="2021-10-26T12:49:06 IST" skipped="0">
  <testcase classname="com.qa.tests.EditBracketTests" name="validData" time="22.179"/>
  <system-out/>
</testsuite> <!-- com.qa.tests.EditBracketTests -->
