<?xml version="1.0" encoding="UTF-8"?>
<!-- Generated by org.testng.reporters.JUnitReportReporter -->
<testsuite hostname="DESKTOP-GIJQBVN" failures="0" tests="5" name="com.qa.tests.CreateTournamentTests" time="149.333" errors="0" timestamp="2021-10-09T21:33:50 IST" skipped="0">
  <testcase classname="com.qa.tests.CreateTournamentTests" name="alreadyExistingTournament" time="27.960"/>
  <system-out/>
  <testcase classname="com.qa.tests.CreateTournamentTests" name="privateTournament" time="31.278"/>
  <system-out/>
  <testcase classname="com.qa.tests.CreateTournamentTests" name="invalidData" time="26.420"/>
  <system-out/>
  <testcase classname="com.qa.tests.CreateTournamentTests" name="validData" time="37.095"/>
  <system-out/>
  <testcase classname="com.qa.tests.CreateTournamentTests" name="blankData" time="26.580"/>
  <system-out/>
</testsuite> <!-- com.qa.tests.CreateTournamentTests -->
