<?xml version="1.0" encoding="UTF-8"?>
<!-- Generated by org.testng.reporters.JUnitReportReporter -->
<testsuite hostname="DESKTOP-GIJQBVN" failures="0" tests="9" name="com.qa.tests.SignupTests" time="209.639" errors="0" timestamp="2021-10-02T18:10:56 IST" skipped="0">
  <testcase classname="com.qa.tests.SignupTests" name="BlankEmailData" time="21.086"/>
  <system-out/>
  <testcase classname="com.qa.tests.SignupTests" name="validData" time="28.462"/>
  <system-out/>
  <testcase classname="com.qa.tests.SignupTests" name="AlreadyRegisteredPhone" time="27.518"/>
  <system-out/>
  <testcase classname="com.qa.tests.SignupTests" name="invalidRecord" time="19.762"/>
  <system-out/>
  <testcase classname="com.qa.tests.SignupTests" name="InvalidPhoneDigitCount" time="24.341"/>
  <system-out/>
  <testcase classname="com.qa.tests.SignupTests" name="BlankData" time="18.188"/>
  <system-out/>
  <testcase classname="com.qa.tests.SignupTests" name="InvalidPhone" time="25.699"/>
  <system-out/>
  <testcase classname="com.qa.tests.SignupTests" name="AlreadyRegisteredEmail" time="25.430"/>
  <system-out/>
  <testcase classname="com.qa.tests.SignupTests" name="BlankPasswordData" time="19.153"/>
  <system-out/>
</testsuite> <!-- com.qa.tests.SignupTests -->
